2025-03-30 19:24:18,548 - WARNING - Icône folder.png manquante, utilisation du fallback
2025-03-30 19:24:18,561 - WARNING - Icône file.png manquante, utilisation du fallback
2025-03-30 19:24:18,563 - WARNING - Icône pdf.png manquante, utilisation du fallback
2025-03-30 19:24:18,563 - WARNING - Icône image.png manquante, utilisation du fallback
2025-03-30 19:24:18,564 - WARNING - Icône video.png manquante, utilisation du fallback
2025-03-30 19:24:18,566 - WARNING - Icône music.png manquante, utilisation du fallback
2025-03-30 19:24:18,567 - WARNING - Icône archive.png manquante, utilisation du fallback
2025-03-30 19:24:18,568 - WARNING - Icône code.png manquante, utilisation du fallback
2025-03-30 19:24:18,569 - WARNING - Icône home.png manquante, utilisation du fallback
2025-03-30 19:24:18,572 - WARNING - Icône desktop.png manquante, utilisation du fallback
2025-03-30 19:24:18,573 - WARNING - Icône disk.png manquante, utilisation du fallback
2025-03-30 19:24:18,574 - WARNING - Icône recycle.png manquante, utilisation du fallback
2025-03-30 19:24:18,577 - WARNING - Icône add.png manquante, utilisation du fallback
2025-03-30 19:24:18,579 - WARNING - Icône theme.png manquante, utilisation du fallback
2025-03-30 19:24:18,580 - WARNING - Icône font.png manquante, utilisation du fallback
2025-03-30 19:38:24,671 - WARNING - Missing icon folder.png, using fallback
2025-03-30 19:38:24,699 - WARNING - Missing icon file.png, using fallback
2025-03-30 19:38:24,703 - WARNING - Missing icon pdf.png, using fallback
2025-03-30 19:38:24,708 - WARNING - Missing icon image.png, using fallback
2025-03-30 19:38:24,712 - WARNING - Missing icon video.png, using fallback
2025-03-30 19:38:24,715 - WARNING - Missing icon music.png, using fallback
2025-03-30 19:38:24,718 - WARNING - Missing icon archive.png, using fallback
2025-03-30 19:38:24,722 - WARNING - Missing icon code.png, using fallback
2025-03-30 19:38:24,725 - WARNING - Missing icon home.png, using fallback
2025-03-30 19:38:24,729 - WARNING - Missing icon desktop.png, using fallback
2025-03-30 19:38:24,738 - WARNING - Missing icon disk.png, using fallback
2025-03-30 19:38:24,741 - WARNING - Missing icon recycle.png, using fallback
2025-03-30 19:38:24,745 - WARNING - Missing icon new_folder.png, using fallback
2025-03-30 19:38:24,747 - WARNING - Missing icon copy.png, using fallback
2025-03-30 19:38:24,754 - WARNING - Missing icon cut.png, using fallback
2025-03-30 19:38:24,756 - WARNING - Missing icon paste.png, using fallback
2025-03-30 19:38:24,760 - WARNING - Missing icon delete.png, using fallback
2025-03-30 19:38:24,764 - WARNING - Missing icon rename.png, using fallback
2025-03-30 19:38:24,770 - WARNING - Missing icon properties.png, using fallback
2025-03-30 19:38:24,773 - WARNING - Missing icon refresh.png, using fallback
2025-03-30 19:38:24,776 - WARNING - Missing icon search.png, using fallback
2025-03-30 19:38:24,779 - WARNING - Missing icon theme.png, using fallback
2025-03-30 19:38:24,783 - WARNING - Missing icon font.png, using fallback
2025-03-30 19:39:03,315 - WARNING - Missing icon folder.png, using fallback
2025-03-30 19:39:03,345 - WARNING - Missing icon file.png, using fallback
2025-03-30 19:39:03,348 - WARNING - Missing icon pdf.png, using fallback
2025-03-30 19:39:03,354 - WARNING - Missing icon image.png, using fallback
2025-03-30 19:39:03,357 - WARNING - Missing icon video.png, using fallback
2025-03-30 19:39:03,359 - WARNING - Missing icon music.png, using fallback
2025-03-30 19:39:03,365 - WARNING - Missing icon archive.png, using fallback
2025-03-30 19:39:03,370 - WARNING - Missing icon code.png, using fallback
2025-03-30 19:39:03,374 - WARNING - Missing icon home.png, using fallback
2025-03-30 19:39:03,377 - WARNING - Missing icon desktop.png, using fallback
2025-03-30 19:39:03,385 - WARNING - Missing icon disk.png, using fallback
2025-03-30 19:39:03,389 - WARNING - Missing icon recycle.png, using fallback
2025-03-30 19:39:03,392 - WARNING - Missing icon new_folder.png, using fallback
2025-03-30 19:39:03,398 - WARNING - Missing icon copy.png, using fallback
2025-03-30 19:39:03,402 - WARNING - Missing icon cut.png, using fallback
2025-03-30 19:39:03,404 - WARNING - Missing icon paste.png, using fallback
2025-03-30 19:39:03,407 - WARNING - Missing icon delete.png, using fallback
2025-03-30 19:39:03,409 - WARNING - Missing icon rename.png, using fallback
2025-03-30 19:39:03,412 - WARNING - Missing icon properties.png, using fallback
2025-03-30 19:39:03,417 - WARNING - Missing icon refresh.png, using fallback
2025-03-30 19:39:03,420 - WARNING - Missing icon search.png, using fallback
2025-03-30 19:39:03,423 - WARNING - Missing icon theme.png, using fallback
2025-03-30 19:39:03,428 - WARNING - Missing icon font.png, using fallback
2025-03-30 20:25:41,564 - WARNING - Missing icon folder.png, using fallback
2025-03-30 20:25:41,583 - WARNING - Missing icon file.png, using fallback
2025-03-30 20:25:41,584 - WARNING - Missing icon pdf.png, using fallback
2025-03-30 20:25:41,586 - WARNING - Missing icon image.png, using fallback
2025-03-30 20:25:41,588 - WARNING - Missing icon video.png, using fallback
2025-03-30 20:25:41,590 - WARNING - Missing icon music.png, using fallback
2025-03-30 20:25:41,592 - WARNING - Missing icon archive.png, using fallback
2025-03-30 20:25:41,599 - WARNING - Missing icon code.png, using fallback
2025-03-30 20:25:41,602 - WARNING - Missing icon home.png, using fallback
2025-03-30 20:25:41,605 - WARNING - Missing icon desktop.png, using fallback
2025-03-30 20:25:41,607 - WARNING - Missing icon disk.png, using fallback
2025-03-30 20:25:41,609 - WARNING - Missing icon recycle.png, using fallback
2025-03-30 20:25:41,613 - WARNING - Missing icon new_folder.png, using fallback
2025-03-30 20:25:41,616 - WARNING - Missing icon copy.png, using fallback
2025-03-30 20:25:41,620 - WARNING - Missing icon cut.png, using fallback
2025-03-30 20:25:41,622 - WARNING - Missing icon paste.png, using fallback
2025-03-30 20:25:41,624 - WARNING - Missing icon delete.png, using fallback
2025-03-30 20:25:41,626 - WARNING - Missing icon rename.png, using fallback
2025-03-30 20:25:41,627 - WARNING - Missing icon properties.png, using fallback
2025-03-30 20:25:41,631 - WARNING - Missing icon refresh.png, using fallback
2025-03-30 20:25:41,635 - WARNING - Missing icon search.png, using fallback
2025-03-30 20:25:41,638 - WARNING - Missing icon theme.png, using fallback
2025-03-30 20:25:41,640 - WARNING - Missing icon font.png, using fallback
2025-03-31 06:31:51,201 - WARNING - Missing icon folder.png, using fallback
2025-03-31 06:31:51,215 - WARNING - Missing icon file.png, using fallback
2025-03-31 06:31:51,216 - WARNING - Missing icon pdf.png, using fallback
2025-03-31 06:31:51,217 - WARNING - Missing icon image.png, using fallback
2025-03-31 06:31:51,218 - WARNING - Missing icon video.png, using fallback
2025-03-31 06:31:51,219 - WARNING - Missing icon music.png, using fallback
2025-03-31 06:31:51,220 - WARNING - Missing icon archive.png, using fallback
2025-03-31 06:31:51,221 - WARNING - Missing icon code.png, using fallback
2025-03-31 06:31:51,223 - WARNING - Missing icon home.png, using fallback
2025-03-31 06:31:51,224 - WARNING - Missing icon desktop.png, using fallback
2025-03-31 06:31:51,225 - WARNING - Missing icon disk.png, using fallback
2025-03-31 06:31:51,225 - WARNING - Missing icon recycle.png, using fallback
2025-03-31 06:31:51,227 - WARNING - Missing icon new_folder.png, using fallback
2025-03-31 06:31:51,228 - WARNING - Missing icon copy.png, using fallback
2025-03-31 06:31:51,231 - WARNING - Missing icon cut.png, using fallback
2025-03-31 06:31:51,232 - WARNING - Missing icon paste.png, using fallback
2025-03-31 06:31:51,233 - WARNING - Missing icon delete.png, using fallback
2025-03-31 06:31:51,234 - WARNING - Missing icon rename.png, using fallback
2025-03-31 06:31:51,237 - WARNING - Missing icon properties.png, using fallback
2025-03-31 06:31:51,238 - WARNING - Missing icon refresh.png, using fallback
2025-03-31 06:31:51,239 - WARNING - Missing icon search.png, using fallback
2025-03-31 06:31:51,240 - WARNING - Missing icon theme.png, using fallback
2025-03-31 06:31:51,242 - WARNING - Missing icon font.png, using fallback
2025-04-01 20:58:34,481 - WARNING - Missing icon home.png, using fallback
2025-04-01 20:58:34,491 - WARNING - Missing icon recycle.png, using fallback
2025-04-01 20:58:34,501 - WARNING - Missing icon rename.png, using fallback
2025-04-01 20:58:34,502 - WARNING - Missing icon properties.png, using fallback
2025-04-01 20:58:34,506 - WARNING - Missing icon font.png, using fallback
